\BOOKMARK [0][-]{dummy.2}{\376\377\000L\000i\000s\000t\000\040\000o\000f\000\040\000F\000i\000g\000u\000r\000e\000s}{}
\BOOKMARK [0][-]{dummy.4}{\376\377\000L\000i\000s\000t\000\040\000o\000f\000\040\000T\000a\000b\000l\000e\000s}{}
\BOOKMARK [0][-]{chapter.6}{\376\377\0001\000\040\000P\000R\000E\000S\000E\000N\000T\000A\000C\000I\000\323\000N}{}
\BOOKMARK [1][-]{section.7}{\376\377\0001\000.\0001\000\040\000I\000N\000T\000R\000O\000D\000U\000C\000C\000I\000\323\000N}{chapter.6}
\BOOKMARK [1][-]{section.9}{\376\377\0001\000.\0002\000\040\000P\000L\000A\000N\000T\000E\000A\000M\000I\000E\000N\000T\000O\000\040\000D\000E\000L\000\040\000P\000R\000O\000B\000L\000E\000M\000A}{chapter.6}
\BOOKMARK [1][-]{section.10}{\376\377\0001\000.\0003\000\040\000O\000B\000J\000E\000T\000I\000V\000O\000S}{chapter.6}
\BOOKMARK [2][-]{subsection.11}{\376\377\0001\000.\0003\000.\0001\000\040\000O\000B\000J\000E\000T\000I\000V\000O\000\040\000G\000E\000N\000E\000R\000A\000L}{section.10}
\BOOKMARK [2][-]{subsection.14}{\376\377\0001\000.\0003\000.\0002\000\040\000O\000B\000J\000E\000T\000I\000V\000O\000S\000\040\000E\000S\000P\000E\000C\000\315\000F\000I\000C\000O\000S}{section.10}
\BOOKMARK [1][-]{section.15}{\376\377\0001\000.\0004\000\040\000J\000U\000S\000T\000I\000F\000I\000C\000A\000C\000I\000\323\000N}{chapter.6}
\BOOKMARK [1][-]{section.16}{\376\377\0001\000.\0005\000\040\000M\000E\000T\000O\000D\000O\000L\000O\000G\000\315\000A}{chapter.6}
\BOOKMARK [2][-]{subsection.17}{\376\377\0001\000.\0005\000.\0001\000\040\000P\000L\000A\000N\000I\000F\000I\000C\000A\000C\000I\000\323\000N\000\040\000P\000O\000R\000\040\000F\000A\000S\000E\000S}{section.16}
\BOOKMARK [2][-]{subsection.18}{\376\377\0001\000.\0005\000.\0002\000\040\000C\000A\000L\000E\000N\000D\000A\000R\000I\000O\000\040\000D\000E\000L\000\040\000P\000R\000O\000Y\000E\000C\000T\000O}{section.16}
\BOOKMARK [3][-]{subsubsection.19}{\376\377\0001\000.\0005\000.\0002\000.\0001\000\040\000A\000C\000T\000I\000V\000I\000D\000A\000D\000E\000S}{subsection.18}
\BOOKMARK [0][-]{chapter.20}{\376\377\0002\000\040\000M\000A\000R\000C\000O\000\040\000T\000E\000\323\000R\000I\000C\000O}{}
\BOOKMARK [1][-]{section.21}{\376\377\0002\000.\0001\000\040\000D\000E\000F\000I\000N\000I\000C\000I\000O\000N\000E\000S\000\040\000B\000\301\000S\000I\000C\000A\000S}{chapter.20}
\BOOKMARK [2][-]{subsection.22}{\376\377\0002\000.\0001\000.\0001\000\040\000E\000L\000\040\000P\000R\000O\000C\000E\000S\000O\000\040\000D\000E\000\040\000D\000E\000S\000A\000R\000R\000O\000L\000L\000O\000\040\000D\000E\000\040\000S\000O\000F\000T\000W\000A\000R\000E}{section.21}
\BOOKMARK [2][-]{subsection.24}{\376\377\0002\000.\0001\000.\0002\000\040\000G\000R\000U\000P\000O\000S\000\040\000D\000E\000\040\000T\000R\000A\000B\000A\000J\000O\000\040\000E\000N\000\040\000E\000L\000\040\000D\000E\000S\000A\000R\000R\000O\000L\000L\000O\000\040\000D\000E\000\040\000S\000O\000F\000T\000W\000A\000R\000E}{section.21}
\BOOKMARK [2][-]{subsection.25}{\376\377\0002\000.\0001\000.\0003\000\040\000F\000R\000A\000M\000E\000W\000O\000R\000K\000\040\000D\000E\000\040\000D\000E\000S\000A\000R\000R\000O\000L\000L\000O}{section.21}
\BOOKMARK [3][-]{subsubsection.26}{\376\377\0002\000.\0001\000.\0003\000.\0001\000\040\000V\000E\000N\000T\000A\000J\000A\000S\000\040\000E\000N\000\040\000L\000A\000\040\000U\000T\000I\000L\000I\000Z\000A\000C\000I\000\323\000N\000\040\000D\000E\000\040\000F\000R\000A\000M\000E\000W\000O\000R\000K\000S}{subsection.25}
\BOOKMARK [3][-]{subsubsection.27}{\376\377\0002\000.\0001\000.\0003\000.\0002\000\040\000D\000I\000F\000I\000C\000U\000L\000T\000A\000D\000E\000S\000\040\000C\000O\000N\000\040\000L\000O\000S\000\040\000F\000R\000A\000M\000E\000W\000O\000R\000K\000S}{subsection.25}
\BOOKMARK [3][-]{subsubsection.28}{\376\377\0002\000.\0001\000.\0003\000.\0003\000\040\000F\000R\000A\000M\000E\000W\000O\000R\000K\000\040\000W\000E\000B}{subsection.25}
\BOOKMARK [4][-]{paragraph.29}{\376\377\0002\000.\0001\000.\0003\000.\0003\000.\0001\000\040\000T\000I\000P\000O\000S\000\040\000D\000E\000\040\000F\000R\000A\000M\000E\000W\000O\000R\000K\000\040\000W\000E\000B}{subsubsection.28}
\BOOKMARK [3][-]{subsubsection.30}{\376\377\0002\000.\0001\000.\0003\000.\0004\000\040\000A\000R\000Q\000U\000I\000T\000E\000C\000T\000U\000R\000A\000\040\000M\000V\000C}{subsection.25}
\BOOKMARK [2][-]{subsection.32}{\376\377\0002\000.\0001\000.\0004\000\040\000S\000I\000S\000T\000E\000M\000A\000\040\000D\000E\000\040\000C\000O\000N\000T\000R\000O\000L\000\040\000D\000E\000\040\000V\000E\000R\000S\000I\000O\000N\000E\000S}{section.21}
\BOOKMARK [3][-]{subsubsection.33}{\376\377\0002\000.\0001\000.\0004\000.\0001\000\040\000C\000L\000A\000S\000I\000F\000I\000C\000A\000C\000I\000\323\000N}{subsection.32}
\BOOKMARK [2][-]{subsection.35}{\376\377\0002\000.\0001\000.\0005\000\040\000M\000I\000C\000R\000O\000B\000L\000O\000G}{section.21}
\BOOKMARK [2][-]{subsection.36}{\376\377\0002\000.\0001\000.\0006\000\040\000S\000E\000R\000V\000I\000C\000I\000O\000S\000\040\000W\000E\000B}{section.21}
\BOOKMARK [2][-]{subsection.37}{\376\377\0002\000.\0001\000.\0007\000\040\000W\000E\000B\000\040\000A\000P\000I}{section.21}
\BOOKMARK [2][-]{subsection.38}{\376\377\0002\000.\0001\000.\0008\000\040\000L\000I\000N\000E\000A\000\040\000D\000E\000\040\000C\000O\000M\000A\000N\000D\000O\000S}{section.21}
\BOOKMARK [0][-]{chapter.40}{\376\377\0003\000\040\000H\000E\000R\000R\000A\000M\000I\000E\000N\000T\000A\000S\000\040\000P\000A\000R\000A\000\040\000E\000L\000\040\000D\000E\000S\000A\000R\000R\000O\000L\000L\000O\000\040\000D\000E\000\040\000S\000O\000F\000T\000W\000A\000R\000E}{}
\BOOKMARK [1][-]{section.41}{\376\377\0003\000.\0001\000\040\000I\000N\000T\000R\000O\000D\000U\000C\000C\000I\000O\000N}{chapter.40}
\BOOKMARK [1][-]{section.42}{\376\377\0003\000.\0002\000\040\000L\000E\000N\000G\000U\000A\000J\000E\000\040\000D\000E\000\040\000P\000R\000O\000G\000R\000A\000M\000A\000C\000I\000O\000N\000\040\000P\000Y\000T\000H\000O\000N}{chapter.40}
\BOOKMARK [2][-]{subsection.43}{\376\377\0003\000.\0002\000.\0001\000\040\000F\000R\000A\000M\000E\000W\000O\000R\000K\000\040\000W\000E\000B\000\040\000D\000J\000A\000N\000G\000O}{section.42}
\BOOKMARK [2][-]{subsection.44}{\376\377\0003\000.\0002\000.\0002\000\040\000G\000I\000T}{section.42}
\BOOKMARK [3][-]{subsubsection.45}{\376\377\0003\000.\0002\000.\0002\000.\0001\000\040\000M\000O\000D\000E\000L\000O\000\040\000D\000E\000\040\000O\000B\000J\000E\000T\000O\000S\000\040\000G\000I\000T}{subsection.44}
\BOOKMARK [4][-]{paragraph.46}{\376\377\0003\000.\0002\000.\0002\000.\0001\000.\0001\000\040\000T\000I\000P\000O\000S\000\040\000D\000E\000\040\000O\000B\000J\000E\000T\000O\000S}{subsubsection.45}
\BOOKMARK [3][-]{subsubsection.47}{\376\377\0003\000.\0002\000.\0002\000.\0002\000\040\000H\000O\000O\000K\000S\000\050\000G\000A\000N\000C\000H\000O\000S\000\051}{subsection.44}
\BOOKMARK [2][-]{subsection.48}{\376\377\0003\000.\0002\000.\0003\000\040\000X\000M\000L\000\040\000R\000P\000C}{section.42}
\BOOKMARK [3][-]{subsubsection.49}{\376\377\0003\000.\0002\000.\0003\000.\0001\000\040\000X\000M\000L\000-\000R\000P\000C\000\040\000c\000o\000n\000t\000r\000a\000.\000\040\000O\000t\000r\000o\000s\000\040\000p\000r\000o\000t\000o\000c\000o\000l\000o\000s}{subsection.48}
\BOOKMARK [0][-]{chapter.51}{\376\377\0004\000\040\000D\000E\000S\000A\000R\000R\000O\000L\000L\000O\000\040\000D\000E\000L\000\040\000P\000R\000O\000Y\000E\000C\000T\000O}{}
\BOOKMARK [1][-]{section.52}{\376\377\0004\000.\0001\000\040\000M\000E\000T\000O\000D\000O\000L\000O\000G\000\315\000A\000\040\000D\000E\000\040\000D\000E\000S\000A\000R\000R\000O\000L\000L\000O}{chapter.51}
\BOOKMARK [2][-]{subsection.54}{\376\377\0004\000.\0001\000.\0001\000\040\000S\000C\000R\000U\000M}{section.52}
\BOOKMARK [1][-]{section.55}{\376\377\0004\000.\0002\000\040\000B\000A\000S\000E\000\040\000D\000E\000\040\000D\000A\000T\000O\000S\000\040\000D\000E\000L\000\040\000S\000I\000S\000T\000E\000M\000A\000\040\000W\000E\000B\000\040\000M\000I\000C\000R\000O\000B\000L\000O\000G}{chapter.51}
\BOOKMARK [1][-]{section.57}{\376\377\0004\000.\0003\000\040\000S\000E\000G\000U\000R\000I\000D\000A\000D}{chapter.51}
\BOOKMARK [2][-]{subsection.59}{\376\377\0004\000.\0003\000.\0001\000\040\000I\000N\000Y\000E\000C\000C\000I\000\323\000N\000\040\000S\000Q\000L}{section.57}
\BOOKMARK [2][-]{subsection.62}{\376\377\0004\000.\0003\000.\0002\000\040\000X\000S\000S}{section.57}
\BOOKMARK [2][-]{subsection.63}{\376\377\0004\000.\0003\000.\0003\000\040\000C\000S\000R\000F}{section.57}
\BOOKMARK [2][-]{subsection.64}{\376\377\0004\000.\0003\000.\0004\000\040\000F\000O\000R\000Z\000A\000M\000I\000E\000N\000T\000O\000\040\000D\000E\000\040\000S\000E\000S\000I\000O\000N\000/\000S\000E\000C\000U\000E\000S\000T\000R\000O\000\040\000\050\000H\000I\000J\000A\000C\000K\000I\000N\000G\000\051}{section.57}
\BOOKMARK [2][-]{subsection.65}{\376\377\0004\000.\0003\000.\0005\000\040\000I\000N\000Y\000E\000C\000C\000I\000\323\000N\000\040\000D\000E\000\040\000C\000A\000B\000E\000C\000E\000R\000A\000S\000\040\000D\000E\000\040\000E\000M\000A\000I\000L}{section.57}
\BOOKMARK [2][-]{subsection.66}{\376\377\0004\000.\0003\000.\0006\000\040\000D\000I\000R\000E\000C\000T\000O\000R\000I\000O\000\040\000T\000R\000A\000V\000E\000R\000S\000A\000L}{section.57}
\BOOKMARK [2][-]{subsection.67}{\376\377\0004\000.\0003\000.\0007\000\040\000E\000X\000P\000O\000S\000I\000C\000I\000\323\000N\000\040\000D\000E\000\040\000M\000E\000N\000S\000A\000J\000E\000S\000\040\000D\000E\000\040\000E\000R\000R\000O\000R\000E\000S}{section.57}
\BOOKMARK [1][-]{section.68}{\376\377\0004\000.\0004\000\040\000P\000R\000U\000E\000B\000A\000S}{chapter.51}
\BOOKMARK [2][-]{subsection.69}{\376\377\0004\000.\0004\000.\0001\000\040\000R\000E\000A\000L\000I\000Z\000A\000N\000D\000O\000\040\000P\000R\000U\000E\000B\000A\000S}{section.68}
\BOOKMARK [3][-]{subsubsection.70}{\376\377\0004\000.\0004\000.\0001\000.\0001\000\040\000P\000R\000U\000E\000B\000A\000S\000\040\000F\000U\000N\000C\000I\000O\000N\000A\000L\000E\000S\000\040\000W\000E\000B\000\040\000E\000N\000\040\000E\000L\000\040\000S\000I\000S\000T\000E\000M\000A\000\040\000M\000I\000C\000R\000O\000B\000L\000O\000G}{subsection.69}
\BOOKMARK [0][-]{chapter.72}{\376\377\0005\000\040\000C\000O\000N\000C\000L\000U\000S\000I\000O\000N\000E\000S\000\040\000Y\000\040\000R\000E\000C\000O\000M\000E\000N\000D\000A\000C\000I\000O\000N\000E\000S}{}
\BOOKMARK [1][-]{section.73}{\376\377\0005\000.\0001\000\040\000C\000O\000N\000C\000L\000U\000S\000I\000O\000N\000E\000S}{chapter.72}
\BOOKMARK [1][-]{section.74}{\376\377\0005\000.\0002\000\040\000R\000E\000C\000O\000M\000E\000N\000D\000A\000C\000I\000O\000N\000E\000S}{chapter.72}
\BOOKMARK [0][-]{chapter.75}{\376\377\0006\000\040\000A\000P\000\311\000N\000D\000I\000C\000E}{}
\BOOKMARK [1][-]{section.76}{\376\377\0006\000.\0001\000\040\000D\000O\000C\000U\000M\000E\000N\000T\000A\000C\000I\000\323\000N}{chapter.75}
\BOOKMARK [2][-]{subsection.77}{\376\377\0006\000.\0001\000.\0001\000\040\000M\000A\000N\000U\000A\000L\000\040\000D\000E\000\040\000U\000S\000U\000A\000R\000I\000O}{section.76}
\BOOKMARK [3][-]{subsubsection.78}{\376\377\0006\000.\0001\000.\0001\000.\0001\000\040\000I\000N\000T\000R\000O\000D\000U\000C\000C\000I\000\323\000N}{subsection.77}
\BOOKMARK [3][-]{subsubsection.79}{\376\377\0006\000.\0001\000.\0001\000.\0002\000\040\000E\000N\000T\000R\000A\000D\000A\000\040\000A\000L\000\040\000S\000I\000S\000T\000E\000M\000A}{subsection.77}
\BOOKMARK [2][-]{subsection.80}{\376\377\0006\000.\0001\000.\0002\000\040\000M\000A\000N\000U\000A\000L\000\040\000T\000\311\000C\000N\000I\000C\000O}{section.76}
\BOOKMARK [3][-]{subsubsection.81}{\376\377\0006\000.\0001\000.\0002\000.\0001\000\040\000P\000R\000E\000P\000A\000R\000A\000C\000I\000\323\000N\000\040\000D\000E\000L\000\040\000S\000I\000S\000T\000E\000M\000A\000\040\000D\000E\000\040\000C\000O\000N\000T\000R\000O\000L\000\040\000D\000E\000\040\000V\000E\000R\000S\000I\000O\000N\000E\000S}{subsection.80}
\BOOKMARK [4][-]{paragraph.82}{\376\377\0006\000.\0001\000.\0002\000.\0001\000.\0001\000\040\000I\000N\000S\000T\000A\000L\000A\000C\000I\000\323\000N\000\040\000D\000E\000\040\000G\000I\000T}{subsubsection.81}
\BOOKMARK [4][-]{paragraph.85}{\376\377\0006\000.\0001\000.\0002\000.\0001\000.\0002\000\040\000C\000O\000N\000F\000I\000G\000U\000R\000A\000C\000I\000\323\000N\000\040\000D\000E\000\040\000G\000I\000T}{subsubsection.81}
\BOOKMARK [4][-]{paragraph.86}{\376\377\0006\000.\0001\000.\0002\000.\0001\000.\0003\000\040\000I\000N\000S\000T\000A\000L\000A\000C\000I\000\323\000N\000\040\000D\000E\000\040\000L\000A\000\040\000L\000I\000B\000R\000E\000R\000I\000A\000\040\000G\000I\000T\000P\000Y\000T\000H\000O\000N}{subsubsection.81}
\BOOKMARK [0][-]{dummy.87}{\376\377\000B\000i\000b\000l\000i\000o\000g\000r\000a\000f\000\355\000a}{}
